2025-02-01 13:52:43,927 - SmartMoneyFollower - INFO - Starting strategy execution
2025-02-01 13:52:43,927 - SmartMoneyFollower - ERROR - Strategy execution error: 'SmartMoneyFollower' object has no attribute 'get_top_wallets'
2025-02-01 13:54:36,346 - SmartMoneyFollower - INFO - Starting strategy execution
2025-02-01 13:54:36,346 - SmartMoneyFollower - INFO - Fetching top wallets for timeframe: 1d, tag: smart_degen
2025-02-01 13:54:36,375 - fake_useragent - WARNING - Error occurred during getting browser(s): random, but was suppressed with fallback.
2025-02-01 13:54:36,716 - SmartMoneyFollower - INFO - Analyzing wallet activity for: CWvdyvKHEu8Z6QqGraJT3sLPyp9bJfFhoXcxUYRKC8ou
2025-02-01 13:54:36,756 - fake_useragent - WARNING - Error occurred during getting browser(s): random, but was suppressed with fallback.
2025-02-01 13:54:37,020 - SmartMoneyFollower - INFO - Analyzing wallet: CWvdyvKHEu8Z6QqGraJT3sLPyp9bJfFhoXcxUYRKC8ou
2025-02-01 13:54:38,022 - SmartMoneyFollower - INFO - Analyzing wallet activity for: EDozia8CitSkQCnpXu3ekLJCoiLvPUWWLgiRTKiES2j2
2025-02-01 13:54:38,082 - fake_useragent - WARNING - Error occurred during getting browser(s): random, but was suppressed with fallback.
2025-02-01 13:54:38,386 - SmartMoneyFollower - INFO - Analyzing wallet: EDozia8CitSkQCnpXu3ekLJCoiLvPUWWLgiRTKiES2j2
2025-02-01 13:54:38,386 - SmartMoneyFollower - INFO - Analyzing wallet activity for: 5mtbmPwj2SMkxPP9c93s9oD9bmMdByTqepNarM9Y7u7e
2025-02-01 13:54:38,444 - fake_useragent - WARNING - Error occurred during getting browser(s): random, but was suppressed with fallback.
2025-02-01 13:54:39,723 - SmartMoneyFollower - INFO - Analyzing wallet: 5mtbmPwj2SMkxPP9c93s9oD9bmMdByTqepNarM9Y7u7e
2025-02-01 13:54:39,724 - SmartMoneyFollower - INFO - Analyzing wallet activity for: DfMxre4cKmvogbLrPigxmibVTTQDuzjdXojWzjCXXhzj
2025-02-01 13:54:39,781 - fake_useragent - WARNING - Error occurred during getting browser(s): random, but was suppressed with fallback.
2025-02-01 13:54:40,075 - SmartMoneyFollower - INFO - Analyzing wallet: DfMxre4cKmvogbLrPigxmibVTTQDuzjdXojWzjCXXhzj
2025-02-01 13:54:41,076 - SmartMoneyFollower - INFO - Analyzing wallet activity for: 72e6QM7gn9MH5u1YpgQbduexm4WAon1cnsSXPqKnLQec
2025-02-01 13:54:41,135 - fake_useragent - WARNING - Error occurred during getting browser(s): random, but was suppressed with fallback.
2025-02-01 13:54:41,433 - SmartMoneyFollower - INFO - Analyzing wallet: 72e6QM7gn9MH5u1YpgQbduexm4WAon1cnsSXPqKnLQec
2025-02-01 13:54:42,438 - SmartMoneyFollower - INFO - Analyzing wallet activity for: Hnnw2hAgPgGiFKouRWvM3fSk3HnYgRv4Xq1PjUEBEuWM
2025-02-01 13:54:42,500 - fake_useragent - WARNING - Error occurred during getting browser(s): random, but was suppressed with fallback.
2025-02-01 13:54:42,788 - SmartMoneyFollower - INFO - Analyzing wallet: Hnnw2hAgPgGiFKouRWvM3fSk3HnYgRv4Xq1PjUEBEuWM
2025-02-01 13:54:42,788 - SmartMoneyFollower - INFO - Analyzing wallet activity for: 4poRFZC5Wh96NUT8cx5UAZzNEr8M1U9rDsF1veNjdH2L
2025-02-01 13:54:42,819 - fake_useragent - WARNING - Error occurred during getting browser(s): random, but was suppressed with fallback.
2025-02-01 13:54:43,125 - SmartMoneyFollower - INFO - Analyzing wallet: 4poRFZC5Wh96NUT8cx5UAZzNEr8M1U9rDsF1veNjdH2L
2025-02-01 13:54:44,130 - SmartMoneyFollower - INFO - Analyzing wallet activity for: BieeZkdnBAgNYknzo3RH2vku7FcPkFZMZmRJANh2TpW
2025-02-01 13:54:44,187 - fake_useragent - WARNING - Error occurred during getting browser(s): random, but was suppressed with fallback.
2025-02-01 13:54:44,454 - SmartMoneyFollower - INFO - Analyzing wallet: BieeZkdnBAgNYknzo3RH2vku7FcPkFZMZmRJANh2TpW
2025-02-01 13:54:45,456 - SmartMoneyFollower - INFO - Analyzing wallet activity for: 3Vsx9RN9jvnKwdMkHxn6Z2cehtffgghk4Kd4MStHT1P6
2025-02-01 13:54:45,513 - fake_useragent - WARNING - Error occurred during getting browser(s): random, but was suppressed with fallback.
2025-02-01 13:54:45,813 - SmartMoneyFollower - INFO - Analyzing wallet: 3Vsx9RN9jvnKwdMkHxn6Z2cehtffgghk4Kd4MStHT1P6
2025-02-01 13:54:45,814 - SmartMoneyFollower - INFO - Analyzing wallet activity for: EtC1my5hqLhMP4MLnoeeXHuAqyRbC9Qst9Cs34PpxEmg
2025-02-01 13:54:45,868 - fake_useragent - WARNING - Error occurred during getting browser(s): random, but was suppressed with fallback.
2025-02-01 13:54:46,160 - SmartMoneyFollower - INFO - Analyzing wallet: EtC1my5hqLhMP4MLnoeeXHuAqyRbC9Qst9Cs34PpxEmg
2025-02-01 13:54:46,161 - SmartMoneyFollower - INFO - Analyzing wallet activity for: 4dAroqRjhybdrkAS1BDHSm1137vc1TNzrhWPPd5i9vbK
2025-02-01 13:54:46,218 - fake_useragent - WARNING - Error occurred during getting browser(s): random, but was suppressed with fallback.
2025-02-01 13:54:46,486 - SmartMoneyFollower - INFO - Analyzing wallet: 4dAroqRjhybdrkAS1BDHSm1137vc1TNzrhWPPd5i9vbK
2025-02-01 13:54:46,486 - SmartMoneyFollower - INFO - Analyzing wallet activity for: 7A4x4kL8LZgKyNb8deE9xM5wH7jhLLFPJJatZqtfAjGr
2025-02-01 13:54:46,542 - fake_useragent - WARNING - Error occurred during getting browser(s): random, but was suppressed with fallback.
2025-02-01 13:54:46,806 - SmartMoneyFollower - INFO - Analyzing wallet: 7A4x4kL8LZgKyNb8deE9xM5wH7jhLLFPJJatZqtfAjGr
2025-02-01 13:54:46,807 - SmartMoneyFollower - INFO - Analyzing wallet activity for: EHRAzDzsqX53AfysF68CwV3XjH46QH2iteZiByvxSbPM
2025-02-01 13:54:46,862 - fake_useragent - WARNING - Error occurred during getting browser(s): random, but was suppressed with fallback.
2025-02-01 13:54:47,130 - SmartMoneyFollower - INFO - Analyzing wallet: EHRAzDzsqX53AfysF68CwV3XjH46QH2iteZiByvxSbPM
2025-02-01 13:54:48,132 - SmartMoneyFollower - INFO - Analyzing wallet activity for: DJkPJC6N7Hc47HzoeCTm6GnA9uVa3nduyTXavweL4YB8
2025-02-01 13:54:48,190 - fake_useragent - WARNING - Error occurred during getting browser(s): random, but was suppressed with fallback.
2025-02-01 13:54:48,489 - SmartMoneyFollower - INFO - Analyzing wallet: DJkPJC6N7Hc47HzoeCTm6GnA9uVa3nduyTXavweL4YB8
2025-02-01 13:54:48,489 - SmartMoneyFollower - INFO - Analyzing wallet activity for: 3zME3DRRKxWZTD5mCdSKDu7xSAMqvxfTFwJp5CpqmTn7
2025-02-01 13:54:48,541 - fake_useragent - WARNING - Error occurred during getting browser(s): random, but was suppressed with fallback.
2025-02-01 13:54:48,822 - SmartMoneyFollower - INFO - Analyzing wallet: 3zME3DRRKxWZTD5mCdSKDu7xSAMqvxfTFwJp5CpqmTn7
2025-02-01 13:54:48,823 - SmartMoneyFollower - INFO - Analyzing wallet activity for: 2byqB8Pypvq6s8W126yJc9SxToTiWTfNFuDU3ZTq9CLT
2025-02-01 13:54:48,913 - fake_useragent - WARNING - Error occurred during getting browser(s): random, but was suppressed with fallback.
2025-02-01 13:54:49,195 - SmartMoneyFollower - INFO - Analyzing wallet: 2byqB8Pypvq6s8W126yJc9SxToTiWTfNFuDU3ZTq9CLT
2025-02-01 13:54:50,201 - SmartMoneyFollower - INFO - Analyzing wallet activity for: 3wi8waD5A64D7PLutUYJdhMcrYvDBTqeh3CRFgv1hFtY
2025-02-01 13:54:50,261 - fake_useragent - WARNING - Error occurred during getting browser(s): random, but was suppressed with fallback.
